<?xml version="1.0" encoding="UTF-8"?>
<testsuite xmlns:xsi="http://www.w3.org/2001/XMLSchema-instance" xsi:noNamespaceSchemaLocation="https://maven.apache.org/surefire/maven-surefire-plugin/xsd/surefire-test-report-3.0.xsd" version="3.0" name="com.echo.ApplicationTests" time="3.637" tests="1" errors="0" skipped="0" failures="0">
  <properties>
[...]
</properties>
  <testcase name="contextLoads" classname="com.echo.ApplicationTests" time="0.332">
    <system-out><![CDATA[12:06:51.277 [main] INFO org.springframework.test.context.support.AnnotationConfigContextLoaderUtils -- Could not detect default configuration classes for test class [com.echo.ApplicationTests]: ApplicationTests does not declare any static, non-private, non-final, nested classes annotated with @Configuration.
12:06:51.343 [main] INFO org.springframework.boot.test.context.SpringBootTestContextBootstrapper -- Found @SpringBootConfiguration com.echo.Application for test class com.echo.ApplicationTests
12:06:51.458 [main] INFO org.springframework.boot.devtools.restart.RestartApplicationListener -- Restart disabled due to context in which it is running

  .   ____          _            __ _ _
 /\\ / ___'_ __ _ _(_)_ __  __ _ \ \ \ \
( ( )\___ | '_ | '_| | '_ \/ _` | \ \ \ \
 \\/  ___)| |_)| | | | | || (_| |  ) ) ) )
  '  |____| .__|_| |_|_| |_\__, | / / / /
 =========|_|==============|___/=/_/_/_/
 :: Spring Boot ::                (v3.2.5)

2024-05-22T12:06:51.635+02:00  INFO 25028 --- [echo.backend] [           main] com.echo.ApplicationTests                : Starting ApplicationTests using Java 17.0.11 with PID 25028 (started by gianl in C:\Users\gianl\Documents\GitHub\Echo\echo.backend)
2024-05-22T12:06:51.637+02:00  INFO 25028 --- [echo.backend] [           main] com.echo.ApplicationTests                : No active profile set, falling back to 1 default profile: "default"
2024-05-22T12:06:52.084+02:00  INFO 25028 --- [echo.backend] [           main] .s.d.r.c.RepositoryConfigurationDelegate : Bootstrapping Spring Data JPA repositories in DEFAULT mode.
2024-05-22T12:06:52.124+02:00  INFO 25028 --- [echo.backend] [           main] .s.d.r.c.RepositoryConfigurationDelegate : Finished Spring Data repository scanning in 30 ms. Found 1 JPA repository interface.
2024-05-22T12:06:52.320+02:00  WARN 25028 --- [echo.backend] [           main] trationDelegate$BeanPostProcessorChecker : Bean 'org.springframework.ws.config.annotation.DelegatingWsConfiguration' of type [org.springframework.ws.config.annotation.DelegatingWsConfiguration$$SpringCGLIB$$0] is not eligible for getting processed by all BeanPostProcessors (for example: not eligible for auto-proxying). The currently created BeanPostProcessor [annotationActionEndpointMapping] is declared through a non-static factory method on that class; consider declaring it as static instead.
2024-05-22T12:06:52.348+02:00  INFO 25028 --- [echo.backend] [           main] .w.s.a.s.AnnotationActionEndpointMapping : Supporting [WS-Addressing August 2004, WS-Addressing 1.0]
2024-05-22T12:06:52.519+02:00  INFO 25028 --- [echo.backend] [           main] o.hibernate.jpa.internal.util.LogHelper  : HHH000204: Processing PersistenceUnitInfo [name: default]
2024-05-22T12:06:52.575+02:00  INFO 25028 --- [echo.backend] [           main] org.hibernate.Version                    : HHH000412: Hibernate ORM core version 6.4.4.Final
2024-05-22T12:06:52.607+02:00  INFO 25028 --- [echo.backend] [           main] o.h.c.internal.RegionFactoryInitiator    : HHH000026: Second-level cache disabled
2024-05-22T12:06:52.819+02:00  INFO 25028 --- [echo.backend] [           main] o.s.o.j.p.SpringPersistenceUnitInfo      : No LoadTimeWeaver setup: ignoring JPA class transformer
2024-05-22T12:06:52.842+02:00  INFO 25028 --- [echo.backend] [           main] com.zaxxer.hikari.HikariDataSource       : HikariPool-1 - Starting...
2024-05-22T12:06:53.051+02:00  INFO 25028 --- [echo.backend] [           main] com.zaxxer.hikari.pool.HikariPool        : HikariPool-1 - Added connection com.mysql.cj.jdbc.ConnectionImpl@30798137
2024-05-22T12:06:53.053+02:00  INFO 25028 --- [echo.backend] [           main] com.zaxxer.hikari.HikariDataSource       : HikariPool-1 - Start completed.
2024-05-22T12:06:53.715+02:00  INFO 25028 --- [echo.backend] [           main] o.h.e.t.j.p.i.JtaPlatformInitiator       : HHH000489: No JTA platform available (set 'hibernate.transaction.jta.platform' to enable JTA platform integration)
2024-05-22T12:06:53.760+02:00  INFO 25028 --- [echo.backend] [           main] j.LocalContainerEntityManagerFactoryBean : Initialized JPA EntityManagerFactory for persistence unit 'default'
2024-05-22T12:06:53.870+02:00  WARN 25028 --- [echo.backend] [           main] JpaBaseConfiguration$JpaWebConfiguration : spring.jpa.open-in-view is enabled by default. Therefore, database queries may be performed during view rendering. Explicitly configure spring.jpa.open-in-view to disable this warning
2024-05-22T12:06:54.465+02:00  INFO 25028 --- [echo.backend] [           main] com.echo.ApplicationTests                : Started ApplicationTests in 3.014 seconds (process running for 3.659)
]]></system-out>
  </testcase>
</testsuite>